<?xml version="1.0" encoding="UTF-8"?>
<!-- Generated by org.testng.reporters.JUnitReportReporter -->
<testsuite hostname="LAPTOP" failures="0" tests="1" name="BankBazaar.CreditTest2" time="0.000" errors="0" timestamp="27 Mar 2018 09:37:10 GMT" skipped="1">
  <testcase classname="BankBazaar.CreditTest2" name="credittest2" time="0.000">
    <skipped/>
  </testcase> <!-- credittest2 -->
</testsuite> <!-- BankBazaar.CreditTest2 -->
