<?xml version="1.0" encoding="UTF-8"?>
<!-- Generated by org.testng.reporters.JUnitReportReporter -->
<testsuite hostname="LAPTOP" failures="0" tests="1" name="BankBazaar.Test1" time="57.886" errors="0" timestamp="07 Mar 2018 13:03:20 GMT" skipped="0">
  <testcase classname="BankBazaar.Test1" name="creditscoreTest" time="57.886"/>
</testsuite> <!-- BankBazaar.Test1 -->
